;  LST file generated by mikroListExporter - v.2.0 
; Date/Time: 9/15/2016 5:53:03 PM
;----------------------------------------------

;Address Opcode 	ASM
0x0000	0x2851      	GOTO       81
_____DoICP:
;__Lib_System.c,6 :: 		
;__Lib_System.c,9 :: 		
0x0003	0x1283      	BCF        STATUS, 5
0x0004	0x0824      	MOVF       ___DoICPAddr+1, 0
0x0005	0x008A      	MOVWF      PCLATH
;__Lib_System.c,10 :: 		
0x0006	0x0823      	MOVF       ___DoICPAddr, 0
0x0007	0x0082      	MOVWF      PCL
;__Lib_System.c,12 :: 		
L_end_____DoICP:
0x0008	0x0008      	RETURN
; end of _____DoICP
_Delay_22us:
;__Lib_Delays.c,15 :: 		void Delay_22us() {
;__Lib_Delays.c,16 :: 		Delay_us(22);
0x0009	0x3007      	MOVLW      7
0x000A	0x1283      	BCF        STATUS, 5
0x000B	0x00DD      	MOVWF      R13
L_Delay_22us1:
0x000C	0x0BDD      	DECFSZ     R13, 1
0x000D	0x280C      	GOTO       L_Delay_22us1
;__Lib_Delays.c,17 :: 		}
L_end_Delay_22us:
0x000E	0x0008      	RETURN
; end of _Delay_22us
_ADC_Read:
;__Lib_ADC_A_B.c,49 :: 		
;__Lib_ADC_A_B.c,51 :: 		
0x000F	0x30C3      	MOVLW      195
0x0010	0x1283      	BCF        STATUS, 5
0x0011	0x059F      	ANDWF      ADCON0, 1
;__Lib_ADC_A_B.c,55 :: 		
0x0012	0x3040      	MOVLW      64
0x0013	0x059F      	ANDWF      ADCON0, 1
;__Lib_ADC_A_B.c,56 :: 		
0x0014	0x30F0      	MOVLW      240
0x0015	0x1683      	BSF        STATUS, 5
0x0016	0x049F      	IORWF      ADCON1, 1
;__Lib_ADC_A_B.c,57 :: 		
0x0017	0x1283      	BCF        STATUS, 5
0x0018	0x179F      	BSF        ADCON0, 7
;__Lib_ADC_A_B.c,58 :: 		
0x0019	0x082B      	MOVF       FARG_ADC_Read_channel, 0
0x001A	0x00D0      	MOVWF      R0
0x001B	0x0DD0      	RLF        R0, 1
0x001C	0x1050      	BCF        R0, 0
0x001D	0x0DD0      	RLF        R0, 1
0x001E	0x1050      	BCF        R0, 0
0x001F	0x0850      	MOVF       R0, 0
0x0020	0x049F      	IORWF      ADCON0, 1
;__Lib_ADC_A_B.c,61 :: 		
0x0021	0x141F      	BSF        ADCON0, 0
;__Lib_ADC_A_B.c,64 :: 		
0x0022	0x2009      	CALL       _Delay_22us
;__Lib_ADC_A_B.c,67 :: 		
0x0023	0x149F      	BSF        ADCON0, 1
;__Lib_ADC_A_B.c,70 :: 		
L_ADC_Read2:
0x0024	0x1C9F      	BTFSS      ADCON0, 1
0x0025	0x2828      	GOTO       L_ADC_Read3
;__Lib_ADC_A_B.c,71 :: 		
0x0026	0x0000      	NOP
0x0027	0x2824      	GOTO       L_ADC_Read2
L_ADC_Read3:
;__Lib_ADC_A_B.c,74 :: 		
0x0028	0x101F      	BCF        ADCON0, 0
;__Lib_ADC_A_B.c,77 :: 		
0x0029	0x081E      	MOVF       ADRESH, 0
0x002A	0x00D1      	MOVWF      R0+1
0x002B	0x01D0      	CLRF       R0
0x002C	0x1683      	BSF        STATUS, 5
0x002D	0x081E      	MOVF       ADRESL, 0
0x002E	0x04D0      	IORWF      R0, 1
0x002F	0x3000      	MOVLW      0
0x0030	0x04D1      	IORWF      R0+1, 1
;__Lib_ADC_A_B.c,78 :: 		
L_end_ADC_Read:
0x0031	0x0008      	RETURN
; end of _ADC_Read
_ADC_Init:
;__Lib_ADC_A_B.c,8 :: 		
;__Lib_ADC_A_B.c,9 :: 		
0x0032	0x30FF      	MOVLW      _ADC_Get_Sample
0x0033	0x1283      	BCF        STATUS, 5
0x0034	0x00A0      	MOVWF      _ADC_Get_Sample_Ptr
0x0035	0x30FF      	MOVLW      hi_addr(_ADC_Get_Sample)
0x0036	0x00A1      	MOVWF      _ADC_Get_Sample_Ptr+1
0x0037	0x30FF      	MOVLW      FARG_ADC_Get_Sample_channel
0x0038	0x00A2      	MOVWF      _ADC_Get_Sample_Ptr+2
0x0039	0x30FF      	MOVLW      hi_addr(FARG_ADC_Get_Sample_channel)
;__Lib_ADC_A_B.c,11 :: 		
0x003A	0x30C3      	MOVLW      195
0x003B	0x059F      	ANDWF      ADCON0, 1
;__Lib_ADC_A_B.c,15 :: 		
0x003C	0x3040      	MOVLW      64
0x003D	0x059F      	ANDWF      ADCON0, 1
;__Lib_ADC_A_B.c,16 :: 		
0x003E	0x30F0      	MOVLW      240
0x003F	0x1683      	BSF        STATUS, 5
0x0040	0x049F      	IORWF      ADCON1, 1
;__Lib_ADC_A_B.c,17 :: 		
0x0041	0x1283      	BCF        STATUS, 5
0x0042	0x179F      	BSF        ADCON0, 7
;__Lib_ADC_A_B.c,19 :: 		
0x0043	0x141F      	BSF        ADCON0, 0
;__Lib_ADC_A_B.c,20 :: 		
L_end_ADC_Init:
0x0044	0x0008      	RETURN
; end of _ADC_Init
___CC2DW:
;__Lib_System.c,134 :: 		
;__Lib_System.c,137 :: 		
_CC2D_Loop1:
;__Lib_System.c,139 :: 		
0x0045	0x2003      	CALL       _____DoICP
0x0046	0x118A      	BCF        PCLATH, 3
0x0047	0x120A      	BCF        PCLATH, 4
;__Lib_System.c,141 :: 		
0x0048	0x0080      	MOVWF      INDF
;__Lib_System.c,142 :: 		
0x0049	0x0A84      	INCF       FSR, 1
;__Lib_System.c,143 :: 		
0x004A	0x0AA3      	INCF       ___DoICPAddr, 1
;__Lib_System.c,145 :: 		
0x004B	0x1903      	BTFSC      STATUS, 2
;__Lib_System.c,146 :: 		
0x004C	0x0AA4      	INCF       ___DoICPAddr+1, 1
;__Lib_System.c,147 :: 		
0x004D	0x03D0      	DECF       R0, 1
;__Lib_System.c,149 :: 		
0x004E	0x1D03      	BTFSS      STATUS, 2
;__Lib_System.c,150 :: 		
0x004F	0x2845      	GOTO       _CC2D_Loop1
;__Lib_System.c,152 :: 		
L_end___CC2DW:
0x0050	0x0008      	RETURN
; end of ___CC2DW
_main:
;MyProject.c,2 :: 		void main() {
;MyProject.c,3 :: 		long unsigned int i=0;
0x0051	0x1283      	BCF        STATUS, 5
0x0052	0x01A5      	CLRF       main_i_L0
0x0053	0x01A6      	CLRF       main_i_L0+1
0x0054	0x01A7      	CLRF       main_i_L0+2
0x0055	0x01A8      	CLRF       main_i_L0+3
0x0056	0x01A9      	CLRF       main_led_L0
0x0057	0x01AA      	CLRF       main_led_L0+1
;MyProject.c,5 :: 		TRISC=0b00001110;
0x0058	0x300E      	MOVLW      14
0x0059	0x1683      	BSF        STATUS, 5
0x005A	0x0087      	MOVWF      TRISC
;MyProject.c,6 :: 		ANSEL=0b11100000;
0x005B	0x30E0      	MOVLW      224
0x005C	0x0091      	MOVWF      ANSEL
;MyProject.c,7 :: 		TRISA=0x00;
0x005D	0x0185      	CLRF       TRISA
;MyProject.c,8 :: 		CMCON  = 0x00;
0x005E	0x1283      	BCF        STATUS, 5
0x005F	0x0199      	CLRF       CMCON
;MyProject.c,9 :: 		ADC_Init();
0x0060	0x2032      	CALL       _ADC_Init
;MyProject.c,10 :: 		PORTA=0x00;
0x0061	0x0185      	CLRF       PORTA
;MyProject.c,11 :: 		while(1)
L_main0:
;MyProject.c,14 :: 		i=ADC_Read(7);      //   AN7 at RC3
0x0062	0x3007      	MOVLW      7
0x0063	0x00AB      	MOVWF      FARG_ADC_Read_channel
0x0064	0x200F      	CALL       _ADC_Read
0x0065	0x0850      	MOVF       R0, 0
0x0066	0x00A5      	MOVWF      main_i_L0
0x0067	0x0851      	MOVF       R0+1, 0
0x0068	0x00A6      	MOVWF      main_i_L0+1
0x0069	0x01A7      	CLRF       main_i_L0+2
0x006A	0x01A8      	CLRF       main_i_L0+3
;MyProject.c,15 :: 		delay_ms(300);
0x006B	0x3002      	MOVLW      2
0x006C	0x00DB      	MOVWF      R11
0x006D	0x3086      	MOVLW      134
0x006E	0x00DC      	MOVWF      R12
0x006F	0x3099      	MOVLW      153
0x0070	0x00DD      	MOVWF      R13
L_main2:
0x0071	0x0BDD      	DECFSZ     R13, 1
0x0072	0x2871      	GOTO       L_main2
0x0073	0x0BDC      	DECFSZ     R12, 1
0x0074	0x2871      	GOTO       L_main2
0x0075	0x0BDB      	DECFSZ     R11, 1
0x0076	0x2871      	GOTO       L_main2
;MyProject.c,16 :: 		if(i<512)
0x0077	0x3000      	MOVLW      0
0x0078	0x0228      	SUBWF      main_i_L0+3, 0
0x0079	0x1D03      	BTFSS      STATUS, 2
0x007A	0x2885      	GOTO       L__main10
0x007B	0x3000      	MOVLW      0
0x007C	0x0227      	SUBWF      main_i_L0+2, 0
0x007D	0x1D03      	BTFSS      STATUS, 2
0x007E	0x2885      	GOTO       L__main10
0x007F	0x3002      	MOVLW      2
0x0080	0x0226      	SUBWF      main_i_L0+1, 0
0x0081	0x1D03      	BTFSS      STATUS, 2
0x0082	0x2885      	GOTO       L__main10
0x0083	0x3000      	MOVLW      0
0x0084	0x0225      	SUBWF      main_i_L0, 0
L__main10:
0x0085	0x1803      	BTFSC      STATUS, 0
0x0086	0x2889      	GOTO       L_main3
;MyProject.c,18 :: 		led |= 1 << 2;
0x0087	0x1529      	BSF        main_led_L0, 2
;MyProject.c,19 :: 		}
0x0088	0x288A      	GOTO       L_main4
L_main3:
;MyProject.c,22 :: 		led &= ~(1 << 2);
0x0089	0x1129      	BCF        main_led_L0, 2
;MyProject.c,23 :: 		}
L_main4:
;MyProject.c,25 :: 		i=ADC_Read(6);          //AN6 at RC2
0x008A	0x3006      	MOVLW      6
0x008B	0x00AB      	MOVWF      FARG_ADC_Read_channel
0x008C	0x200F      	CALL       _ADC_Read
0x008D	0x0850      	MOVF       R0, 0
0x008E	0x00A5      	MOVWF      main_i_L0
0x008F	0x0851      	MOVF       R0+1, 0
0x0090	0x00A6      	MOVWF      main_i_L0+1
0x0091	0x01A7      	CLRF       main_i_L0+2
0x0092	0x01A8      	CLRF       main_i_L0+3
;MyProject.c,26 :: 		if(i<512)
0x0093	0x3000      	MOVLW      0
0x0094	0x0228      	SUBWF      main_i_L0+3, 0
0x0095	0x1D03      	BTFSS      STATUS, 2
0x0096	0x28A1      	GOTO       L__main11
0x0097	0x3000      	MOVLW      0
0x0098	0x0227      	SUBWF      main_i_L0+2, 0
0x0099	0x1D03      	BTFSS      STATUS, 2
0x009A	0x28A1      	GOTO       L__main11
0x009B	0x3002      	MOVLW      2
0x009C	0x0226      	SUBWF      main_i_L0+1, 0
0x009D	0x1D03      	BTFSS      STATUS, 2
0x009E	0x28A1      	GOTO       L__main11
0x009F	0x3000      	MOVLW      0
0x00A0	0x0225      	SUBWF      main_i_L0, 0
L__main11:
0x00A1	0x1803      	BTFSC      STATUS, 0
0x00A2	0x28A5      	GOTO       L_main5
;MyProject.c,28 :: 		led |= 1 << 1;
0x00A3	0x14A9      	BSF        main_led_L0, 1
;MyProject.c,29 :: 		}
0x00A4	0x28A6      	GOTO       L_main6
L_main5:
;MyProject.c,32 :: 		led &= ~(1 << 1);
0x00A5	0x10A9      	BCF        main_led_L0, 1
;MyProject.c,33 :: 		}
L_main6:
;MyProject.c,35 :: 		i=ADC_Read(5);             //AN5 at RC1
0x00A6	0x3005      	MOVLW      5
0x00A7	0x00AB      	MOVWF      FARG_ADC_Read_channel
0x00A8	0x200F      	CALL       _ADC_Read
0x00A9	0x0850      	MOVF       R0, 0
0x00AA	0x00A5      	MOVWF      main_i_L0
0x00AB	0x0851      	MOVF       R0+1, 0
0x00AC	0x00A6      	MOVWF      main_i_L0+1
0x00AD	0x01A7      	CLRF       main_i_L0+2
0x00AE	0x01A8      	CLRF       main_i_L0+3
;MyProject.c,36 :: 		if(i<512)
0x00AF	0x3000      	MOVLW      0
0x00B0	0x0228      	SUBWF      main_i_L0+3, 0
0x00B1	0x1D03      	BTFSS      STATUS, 2
0x00B2	0x28BD      	GOTO       L__main12
0x00B3	0x3000      	MOVLW      0
0x00B4	0x0227      	SUBWF      main_i_L0+2, 0
0x00B5	0x1D03      	BTFSS      STATUS, 2
0x00B6	0x28BD      	GOTO       L__main12
0x00B7	0x3002      	MOVLW      2
0x00B8	0x0226      	SUBWF      main_i_L0+1, 0
0x00B9	0x1D03      	BTFSS      STATUS, 2
0x00BA	0x28BD      	GOTO       L__main12
0x00BB	0x3000      	MOVLW      0
0x00BC	0x0225      	SUBWF      main_i_L0, 0
L__main12:
0x00BD	0x1803      	BTFSC      STATUS, 0
0x00BE	0x28C1      	GOTO       L_main7
;MyProject.c,38 :: 		led |= 1 << 0;
0x00BF	0x1429      	BSF        main_led_L0, 0
;MyProject.c,39 :: 		}
0x00C0	0x28C2      	GOTO       L_main8
L_main7:
;MyProject.c,42 :: 		led &= ~(1 << 0);
0x00C1	0x1029      	BCF        main_led_L0, 0
;MyProject.c,43 :: 		}
L_main8:
;MyProject.c,44 :: 		PORTA=led;
0x00C2	0x0829      	MOVF       main_led_L0, 0
0x00C3	0x1283      	BCF        STATUS, 5
0x00C4	0x0085      	MOVWF      PORTA
;MyProject.c,46 :: 		}
0x00C5	0x2862      	GOTO       L_main0
;MyProject.c,47 :: 		}
L_end_main:
0x00C6	0x28C6      	GOTO       $+0
; end of _main
Symbol List:
//** Routines locations **
//ADDRESS    SIZE    PROCEDURE
//----------------------------------------------
0x0003       [6]    _____DoICP
0x0009       [6]    _Delay_22us
0x000F      [35]    _ADC_Read
0x0032      [19]    _ADC_Init
0x0045      [12]    ___CC2DW
0x0051     [118]    _main
//** Variables locations ** 
//ADDRESS    SIZE    VARIABLE
//----------------------------------------------
0x0000       [1]    INDF
0x0002       [1]    PCL
0x0003       [1]    STATUS
0x0004       [1]    FSR
0x0005       [1]    PORTA
0x000A       [1]    PCLATH
0x0019       [1]    CMCON
0x001E       [1]    ADRESH
0x001F       [1]    ADCON0
0x0020       [3]    _ADC_Get_Sample_Ptr
0x0023       [2]    ___DoICPAddr
0x0025       [4]    main_i_L0
0x0029       [2]    main_led_L0
0x002B       [1]    FARG_ADC_Read_channel
0x0050       [1]    R0
0x0051       [1]    R1
0x0052       [1]    R2
0x0053       [1]    R3
0x0054       [1]    R4
0x0055       [1]    R5
0x0056       [1]    R6
0x0057       [1]    R7
0x0058       [1]    R8
0x0059       [1]    R9
0x005A       [1]    R10
0x005B       [1]    R11
0x005C       [1]    R12
0x005D       [1]    R13
0x005E       [1]    R14
0x005F       [1]    R15
0x0085       [1]    TRISA
0x0087       [1]    TRISC
0x0091       [1]    ANSEL
0x009E       [1]    ADRESL
0x009F       [1]    ADCON1
